The system is: Linux - 6.4.16-linuxkit - armv7l
Compiling the C compiler identification source file "CMakeCCompilerId.c" succeeded.
Compiler: /usr/bin/cc 
Build flags: 
Id flags:  

The output was:
0


Compilation of the C compiler identification source "CMakeCCompilerId.c" produced "a.out"

The C compiler identification is GNU, found in "/app/CMakeFiles/3.22.1/CompilerIdC/a.out"

Detecting C compiler ABI info compiled with the following output:
Change Dir: /app/CMakeFiles/CMakeTmp

Run Build Command(s):/usr/bin/gmake -f Makefile cmTC_0b694/fast && /usr/bin/gmake  -f CMakeFiles/cmTC_0b694.dir/build.make CMakeFiles/cmTC_0b694.dir/build
gmake[1]: Entering directory '/app/CMakeFiles/CMakeTmp'
Building C object CMakeFiles/cmTC_0b694.dir/CMakeCCompilerABI.c.o
/usr/bin/cc   -v -o CMakeFiles/cmTC_0b694.dir/CMakeCCompilerABI.c.o -c /usr/share/cmake-3.22/Modules/CMakeCCompilerABI.c
Using built-in specs.
COLLECT_GCC=/usr/bin/cc
Target: arm-linux-gnueabihf
Configured with: ../src/configure -v --with-pkgversion='Ubuntu 11.4.0-1ubuntu1~22.04' --with-bugurl=file:///usr/share/doc/gcc-11/README.Bugs --enable-languages=c,ada,c++,go,d,fortran,objc,obj-c++,m2 --prefix=/usr --with-gcc-major-version-only --program-suffix=-11 --program-prefix=arm-linux-gnueabihf- --enable-shared --enable-linker-build-id --libexecdir=/usr/lib --without-included-gettext --enable-threads=posix --libdir=/usr/lib --enable-nls --enable-bootstrap --enable-clocale=gnu --enable-libstdcxx-debug --enable-libstdcxx-time=yes --with-default-libstdcxx-abi=new --enable-gnu-unique-object --disable-libitm --disable-libquadmath --disable-libquadmath-support --enable-plugin --enable-default-pie --with-system-zlib --enable-libphobos-checking=release --with-target-system-zlib=auto --enable-objc-gc=auto --enable-multiarch --disable-sjlj-exceptions --with-arch=armv7-a+fp --with-float=hard --with-mode=thumb --disable-werror --enable-checking=release --build=arm-linux-gnueabihf --host=arm-linux-gnueabihf --target=arm-linux-gnueabihf
Thread model: posix
Supported LTO compression algorithms: zlib zstd
gcc version 11.4.0 (Ubuntu 11.4.0-1ubuntu1~22.04) 
COLLECT_GCC_OPTIONS='-v' '-o' 'CMakeFiles/cmTC_0b694.dir/CMakeCCompilerABI.c.o' '-c'  '-mfloat-abi=hard' '-mtls-dialect=gnu' '-mthumb' '-mlibarch=armv7-a+fp' '-march=armv7-a+fp' '-dumpdir' 'CMakeFiles/cmTC_0b694.dir/'
 /usr/lib/gcc/arm-linux-gnueabihf/11/cc1 -quiet -v -imultilib . -imultiarch arm-linux-gnueabihf /usr/share/cmake-3.22/Modules/CMakeCCompilerABI.c -quiet -dumpdir CMakeFiles/cmTC_0b694.dir/ -dumpbase CMakeCCompilerABI.c.c -dumpbase-ext .c -mfloat-abi=hard -mtls-dialect=gnu -mthumb -mlibarch=armv7-a+fp -march=armv7-a+fp -version -fstack-protector-strong -Wformat -Wformat-security -o /tmp/ccY7nGIG.s
GNU C17 (Ubuntu 11.4.0-1ubuntu1~22.04) version 11.4.0 (arm-linux-gnueabihf)
	compiled by GNU C version 11.4.0, GMP version 6.2.1, MPFR version 4.1.0, MPC version 1.2.1, isl version isl-0.24-GMP

GGC heuristics: --param ggc-min-expand=100 --param ggc-min-heapsize=131072
ignoring nonexistent directory "/usr/local/include/arm-linux-gnueabihf"
ignoring nonexistent directory "/usr/lib/gcc/arm-linux-gnueabihf/11/include-fixed"
ignoring nonexistent directory "/usr/lib/gcc/arm-linux-gnueabihf/11/../../../../arm-linux-gnueabihf/include"
#include "..." search starts here:
#include <...> search starts here:
 /usr/lib/gcc/arm-linux-gnueabihf/11/include
 /usr/local/include
 /usr/include/arm-linux-gnueabihf
 /usr/include
End of search list.
GNU C17 (Ubuntu 11.4.0-1ubuntu1~22.04) version 11.4.0 (arm-linux-gnueabihf)
	compiled by GNU C version 11.4.0, GMP version 6.2.1, MPFR version 4.1.0, MPC version 1.2.1, isl version isl-0.24-GMP

GGC heuristics: --param ggc-min-expand=100 --param ggc-min-heapsize=131072
Compiler executable checksum: 6673e42bc94eca828f12c071e6f673a1
COLLECT_GCC_OPTIONS='-v' '-o' 'CMakeFiles/cmTC_0b694.dir/CMakeCCompilerABI.c.o' '-c'  '-mfloat-abi=hard' '-mtls-dialect=gnu' '-mthumb' '-mlibarch=armv7-a+fp' '-march=armv7-a+fp' '-dumpdir' 'CMakeFiles/cmTC_0b694.dir/'
 as -v -march=armv7-a -mfloat-abi=hard -meabi=5 -o CMakeFiles/cmTC_0b694.dir/CMakeCCompilerABI.c.o /tmp/ccY7nGIG.s
GNU assembler version 2.38 (arm-linux-gnueabihf) using BFD version (GNU Binutils for Ubuntu) 2.38
COMPILER_PATH=/usr/lib/gcc/arm-linux-gnueabihf/11/:/usr/lib/gcc/arm-linux-gnueabihf/11/:/usr/lib/gcc/arm-linux-gnueabihf/:/usr/lib/gcc/arm-linux-gnueabihf/11/:/usr/lib/gcc/arm-linux-gnueabihf/
LIBRARY_PATH=/usr/lib/gcc/arm-linux-gnueabihf/11/:/usr/lib/gcc/arm-linux-gnueabihf/11/../../../arm-linux-gnueabihf/:/usr/lib/gcc/arm-linux-gnueabihf/11/../../../:/lib/arm-linux-gnueabihf/:/lib/:/usr/lib/arm-linux-gnueabihf/:/usr/lib/
COLLECT_GCC_OPTIONS='-v' '-o' 'CMakeFiles/cmTC_0b694.dir/CMakeCCompilerABI.c.o' '-c'  '-mfloat-abi=hard' '-mtls-dialect=gnu' '-mthumb' '-mlibarch=armv7-a+fp' '-march=armv7-a+fp' '-dumpdir' 'CMakeFiles/cmTC_0b694.dir/CMakeCCompilerABI.c.'
Linking C executable cmTC_0b694
/usr/bin/cmake -E cmake_link_script CMakeFiles/cmTC_0b694.dir/link.txt --verbose=1
/usr/bin/cc  -v CMakeFiles/cmTC_0b694.dir/CMakeCCompilerABI.c.o -o cmTC_0b694 
Using built-in specs.
COLLECT_GCC=/usr/bin/cc
COLLECT_LTO_WRAPPER=/usr/lib/gcc/arm-linux-gnueabihf/11/lto-wrapper
Target: arm-linux-gnueabihf
Configured with: ../src/configure -v --with-pkgversion='Ubuntu 11.4.0-1ubuntu1~22.04' --with-bugurl=file:///usr/share/doc/gcc-11/README.Bugs --enable-languages=c,ada,c++,go,d,fortran,objc,obj-c++,m2 --prefix=/usr --with-gcc-major-version-only --program-suffix=-11 --program-prefix=arm-linux-gnueabihf- --enable-shared --enable-linker-build-id --libexecdir=/usr/lib --without-included-gettext --enable-threads=posix --libdir=/usr/lib --enable-nls --enable-bootstrap --enable-clocale=gnu --enable-libstdcxx-debug --enable-libstdcxx-time=yes --with-default-libstdcxx-abi=new --enable-gnu-unique-object --disable-libitm --disable-libquadmath --disable-libquadmath-support --enable-plugin --enable-default-pie --with-system-zlib --enable-libphobos-checking=release --with-target-system-zlib=auto --enable-objc-gc=auto --enable-multiarch --disable-sjlj-exceptions --with-arch=armv7-a+fp --with-float=hard --with-mode=thumb --disable-werror --enable-checking=release --build=arm-linux-gnueabihf --host=arm-linux-gnueabihf --target=arm-linux-gnueabihf
Thread model: posix
Supported LTO compression algorithms: zlib zstd
gcc version 11.4.0 (Ubuntu 11.4.0-1ubuntu1~22.04) 
COMPILER_PATH=/usr/lib/gcc/arm-linux-gnueabihf/11/:/usr/lib/gcc/arm-linux-gnueabihf/11/:/usr/lib/gcc/arm-linux-gnueabihf/:/usr/lib/gcc/arm-linux-gnueabihf/11/:/usr/lib/gcc/arm-linux-gnueabihf/
LIBRARY_PATH=/usr/lib/gcc/arm-linux-gnueabihf/11/:/usr/lib/gcc/arm-linux-gnueabihf/11/../../../arm-linux-gnueabihf/:/usr/lib/gcc/arm-linux-gnueabihf/11/../../../:/lib/arm-linux-gnueabihf/:/lib/:/usr/lib/arm-linux-gnueabihf/:/usr/lib/
COLLECT_GCC_OPTIONS='-v' '-o' 'cmTC_0b694'  '-mfloat-abi=hard' '-mtls-dialect=gnu' '-mthumb' '-mlibarch=armv7-a+fp' '-march=armv7-a+fp' '-dumpdir' 'cmTC_0b694.'
 /usr/lib/gcc/arm-linux-gnueabihf/11/collect2 -plugin /usr/lib/gcc/arm-linux-gnueabihf/11/liblto_plugin.so -plugin-opt=/usr/lib/gcc/arm-linux-gnueabihf/11/lto-wrapper -plugin-opt=-fresolution=/tmp/ccIayuym.res -plugin-opt=-pass-through=-lgcc -plugin-opt=-pass-through=-lgcc_s -plugin-opt=-pass-through=-lc -plugin-opt=-pass-through=-lgcc -plugin-opt=-pass-through=-lgcc_s --build-id --eh-frame-hdr -dynamic-linker /lib/ld-linux-armhf.so.3 -X --hash-style=gnu --as-needed -m armelf_linux_eabi -pie -z now -z relro -o cmTC_0b694 /usr/lib/gcc/arm-linux-gnueabihf/11/../../../arm-linux-gnueabihf/Scrt1.o /usr/lib/gcc/arm-linux-gnueabihf/11/../../../arm-linux-gnueabihf/crti.o /usr/lib/gcc/arm-linux-gnueabihf/11/crtbeginS.o -L/usr/lib/gcc/arm-linux-gnueabihf/11 -L/usr/lib/gcc/arm-linux-gnueabihf/11/../../../arm-linux-gnueabihf -L/usr/lib/gcc/arm-linux-gnueabihf/11/../../.. -L/lib/arm-linux-gnueabihf -L/usr/lib/arm-linux-gnueabihf CMakeFiles/cmTC_0b694.dir/CMakeCCompilerABI.c.o -lgcc --push-state --as-needed -lgcc_s --pop-state -lc -lgcc --push-state --as-needed -lgcc_s --pop-state /usr/lib/gcc/arm-linux-gnueabihf/11/crtendS.o /usr/lib/gcc/arm-linux-gnueabihf/11/../../../arm-linux-gnueabihf/crtn.o
COLLECT_GCC_OPTIONS='-v' '-o' 'cmTC_0b694'  '-mfloat-abi=hard' '-mtls-dialect=gnu' '-mthumb' '-mlibarch=armv7-a+fp' '-march=armv7-a+fp' '-dumpdir' 'cmTC_0b694.'
gmake[1]: Leaving directory '/app/CMakeFiles/CMakeTmp'



Parsed C implicit include dir info from above output: rv=done
  found start of include info
  found start of implicit include info
    add: [/usr/lib/gcc/arm-linux-gnueabihf/11/include]
    add: [/usr/local/include]
    add: [/usr/include/arm-linux-gnueabihf]
    add: [/usr/include]
  end of search list found
  collapse include dir [/usr/lib/gcc/arm-linux-gnueabihf/11/include] ==> [/usr/lib/gcc/arm-linux-gnueabihf/11/include]
  collapse include dir [/usr/local/include] ==> [/usr/local/include]
  collapse include dir [/usr/include/arm-linux-gnueabihf] ==> [/usr/include/arm-linux-gnueabihf]
  collapse include dir [/usr/include] ==> [/usr/include]
  implicit include dirs: [/usr/lib/gcc/arm-linux-gnueabihf/11/include;/usr/local/include;/usr/include/arm-linux-gnueabihf;/usr/include]


Parsed C implicit link information from above output:
  link line regex: [^( *|.*[/\])(ld|CMAKE_LINK_STARTFILE-NOTFOUND|([^/\]+-)?ld|collect2)[^/\]*( |$)]
  ignore line: [Change Dir: /app/CMakeFiles/CMakeTmp]
  ignore line: []
  ignore line: [Run Build Command(s):/usr/bin/gmake -f Makefile cmTC_0b694/fast && /usr/bin/gmake  -f CMakeFiles/cmTC_0b694.dir/build.make CMakeFiles/cmTC_0b694.dir/build]
  ignore line: [gmake[1]: Entering directory '/app/CMakeFiles/CMakeTmp']
  ignore line: [Building C object CMakeFiles/cmTC_0b694.dir/CMakeCCompilerABI.c.o]
  ignore line: [/usr/bin/cc   -v -o CMakeFiles/cmTC_0b694.dir/CMakeCCompilerABI.c.o -c /usr/share/cmake-3.22/Modules/CMakeCCompilerABI.c]
  ignore line: [Using built-in specs.]
  ignore line: [COLLECT_GCC=/usr/bin/cc]
  ignore line: [Target: arm-linux-gnueabihf]
  ignore line: [Configured with: ../src/configure -v --with-pkgversion='Ubuntu 11.4.0-1ubuntu1~22.04' --with-bugurl=file:///usr/share/doc/gcc-11/README.Bugs --enable-languages=c ada c++ go d fortran objc obj-c++ m2 --prefix=/usr --with-gcc-major-version-only --program-suffix=-11 --program-prefix=arm-linux-gnueabihf- --enable-shared --enable-linker-build-id --libexecdir=/usr/lib --without-included-gettext --enable-threads=posix --libdir=/usr/lib --enable-nls --enable-bootstrap --enable-clocale=gnu --enable-libstdcxx-debug --enable-libstdcxx-time=yes --with-default-libstdcxx-abi=new --enable-gnu-unique-object --disable-libitm --disable-libquadmath --disable-libquadmath-support --enable-plugin --enable-default-pie --with-system-zlib --enable-libphobos-checking=release --with-target-system-zlib=auto --enable-objc-gc=auto --enable-multiarch --disable-sjlj-exceptions --with-arch=armv7-a+fp --with-float=hard --with-mode=thumb --disable-werror --enable-checking=release --build=arm-linux-gnueabihf --host=arm-linux-gnueabihf --target=arm-linux-gnueabihf]
  ignore line: [Thread model: posix]
  ignore line: [Supported LTO compression algorithms: zlib zstd]
  ignore line: [gcc version 11.4.0 (Ubuntu 11.4.0-1ubuntu1~22.04) ]
  ignore line: [COLLECT_GCC_OPTIONS='-v' '-o' 'CMakeFiles/cmTC_0b694.dir/CMakeCCompilerABI.c.o' '-c'  '-mfloat-abi=hard' '-mtls-dialect=gnu' '-mthumb' '-mlibarch=armv7-a+fp' '-march=armv7-a+fp' '-dumpdir' 'CMakeFiles/cmTC_0b694.dir/']
  ignore line: [ /usr/lib/gcc/arm-linux-gnueabihf/11/cc1 -quiet -v -imultilib . -imultiarch arm-linux-gnueabihf /usr/share/cmake-3.22/Modules/CMakeCCompilerABI.c -quiet -dumpdir CMakeFiles/cmTC_0b694.dir/ -dumpbase CMakeCCompilerABI.c.c -dumpbase-ext .c -mfloat-abi=hard -mtls-dialect=gnu -mthumb -mlibarch=armv7-a+fp -march=armv7-a+fp -version -fstack-protector-strong -Wformat -Wformat-security -o /tmp/ccY7nGIG.s]
  ignore line: [GNU C17 (Ubuntu 11.4.0-1ubuntu1~22.04) version 11.4.0 (arm-linux-gnueabihf)]
  ignore line: [	compiled by GNU C version 11.4.0  GMP version 6.2.1  MPFR version 4.1.0  MPC version 1.2.1  isl version isl-0.24-GMP]
  ignore line: []
  ignore line: [GGC heuristics: --param ggc-min-expand=100 --param ggc-min-heapsize=131072]
  ignore line: [ignoring nonexistent directory "/usr/local/include/arm-linux-gnueabihf"]
  ignore line: [ignoring nonexistent directory "/usr/lib/gcc/arm-linux-gnueabihf/11/include-fixed"]
  ignore line: [ignoring nonexistent directory "/usr/lib/gcc/arm-linux-gnueabihf/11/../../../../arm-linux-gnueabihf/include"]
  ignore line: [#include "..." search starts here:]
  ignore line: [#include <...> search starts here:]
  ignore line: [ /usr/lib/gcc/arm-linux-gnueabihf/11/include]
  ignore line: [ /usr/local/include]
  ignore line: [ /usr/include/arm-linux-gnueabihf]
  ignore line: [ /usr/include]
  ignore line: [End of search list.]
  ignore line: [GNU C17 (Ubuntu 11.4.0-1ubuntu1~22.04) version 11.4.0 (arm-linux-gnueabihf)]
  ignore line: [	compiled by GNU C version 11.4.0  GMP version 6.2.1  MPFR version 4.1.0  MPC version 1.2.1  isl version isl-0.24-GMP]
  ignore line: []
  ignore line: [GGC heuristics: --param ggc-min-expand=100 --param ggc-min-heapsize=131072]
  ignore line: [Compiler executable checksum: 6673e42bc94eca828f12c071e6f673a1]
  ignore line: [COLLECT_GCC_OPTIONS='-v' '-o' 'CMakeFiles/cmTC_0b694.dir/CMakeCCompilerABI.c.o' '-c'  '-mfloat-abi=hard' '-mtls-dialect=gnu' '-mthumb' '-mlibarch=armv7-a+fp' '-march=armv7-a+fp' '-dumpdir' 'CMakeFiles/cmTC_0b694.dir/']
  ignore line: [ as -v -march=armv7-a -mfloat-abi=hard -meabi=5 -o CMakeFiles/cmTC_0b694.dir/CMakeCCompilerABI.c.o /tmp/ccY7nGIG.s]
  ignore line: [GNU assembler version 2.38 (arm-linux-gnueabihf) using BFD version (GNU Binutils for Ubuntu) 2.38]
  ignore line: [COMPILER_PATH=/usr/lib/gcc/arm-linux-gnueabihf/11/:/usr/lib/gcc/arm-linux-gnueabihf/11/:/usr/lib/gcc/arm-linux-gnueabihf/:/usr/lib/gcc/arm-linux-gnueabihf/11/:/usr/lib/gcc/arm-linux-gnueabihf/]
  ignore line: [LIBRARY_PATH=/usr/lib/gcc/arm-linux-gnueabihf/11/:/usr/lib/gcc/arm-linux-gnueabihf/11/../../../arm-linux-gnueabihf/:/usr/lib/gcc/arm-linux-gnueabihf/11/../../../:/lib/arm-linux-gnueabihf/:/lib/:/usr/lib/arm-linux-gnueabihf/:/usr/lib/]
  ignore line: [COLLECT_GCC_OPTIONS='-v' '-o' 'CMakeFiles/cmTC_0b694.dir/CMakeCCompilerABI.c.o' '-c'  '-mfloat-abi=hard' '-mtls-dialect=gnu' '-mthumb' '-mlibarch=armv7-a+fp' '-march=armv7-a+fp' '-dumpdir' 'CMakeFiles/cmTC_0b694.dir/CMakeCCompilerABI.c.']
  ignore line: [Linking C executable cmTC_0b694]
  ignore line: [/usr/bin/cmake -E cmake_link_script CMakeFiles/cmTC_0b694.dir/link.txt --verbose=1]
  ignore line: [/usr/bin/cc  -v CMakeFiles/cmTC_0b694.dir/CMakeCCompilerABI.c.o -o cmTC_0b694 ]
  ignore line: [Using built-in specs.]
  ignore line: [COLLECT_GCC=/usr/bin/cc]
  ignore line: [COLLECT_LTO_WRAPPER=/usr/lib/gcc/arm-linux-gnueabihf/11/lto-wrapper]
  ignore line: [Target: arm-linux-gnueabihf]
  ignore line: [Configured with: ../src/configure -v --with-pkgversion='Ubuntu 11.4.0-1ubuntu1~22.04' --with-bugurl=file:///usr/share/doc/gcc-11/README.Bugs --enable-languages=c ada c++ go d fortran objc obj-c++ m2 --prefix=/usr --with-gcc-major-version-only --program-suffix=-11 --program-prefix=arm-linux-gnueabihf- --enable-shared --enable-linker-build-id --libexecdir=/usr/lib --without-included-gettext --enable-threads=posix --libdir=/usr/lib --enable-nls --enable-bootstrap --enable-clocale=gnu --enable-libstdcxx-debug --enable-libstdcxx-time=yes --with-default-libstdcxx-abi=new --enable-gnu-unique-object --disable-libitm --disable-libquadmath --disable-libquadmath-support --enable-plugin --enable-default-pie --with-system-zlib --enable-libphobos-checking=release --with-target-system-zlib=auto --enable-objc-gc=auto --enable-multiarch --disable-sjlj-exceptions --with-arch=armv7-a+fp --with-float=hard --with-mode=thumb --disable-werror --enable-checking=release --build=arm-linux-gnueabihf --host=arm-linux-gnueabihf --target=arm-linux-gnueabihf]
  ignore line: [Thread model: posix]
  ignore line: [Supported LTO compression algorithms: zlib zstd]
  ignore line: [gcc version 11.4.0 (Ubuntu 11.4.0-1ubuntu1~22.04) ]
  ignore line: [COMPILER_PATH=/usr/lib/gcc/arm-linux-gnueabihf/11/:/usr/lib/gcc/arm-linux-gnueabihf/11/:/usr/lib/gcc/arm-linux-gnueabihf/:/usr/lib/gcc/arm-linux-gnueabihf/11/:/usr/lib/gcc/arm-linux-gnueabihf/]
  ignore line: [LIBRARY_PATH=/usr/lib/gcc/arm-linux-gnueabihf/11/:/usr/lib/gcc/arm-linux-gnueabihf/11/../../../arm-linux-gnueabihf/:/usr/lib/gcc/arm-linux-gnueabihf/11/../../../:/lib/arm-linux-gnueabihf/:/lib/:/usr/lib/arm-linux-gnueabihf/:/usr/lib/]
  ignore line: [COLLECT_GCC_OPTIONS='-v' '-o' 'cmTC_0b694'  '-mfloat-abi=hard' '-mtls-dialect=gnu' '-mthumb' '-mlibarch=armv7-a+fp' '-march=armv7-a+fp' '-dumpdir' 'cmTC_0b694.']
  link line: [ /usr/lib/gcc/arm-linux-gnueabihf/11/collect2 -plugin /usr/lib/gcc/arm-linux-gnueabihf/11/liblto_plugin.so -plugin-opt=/usr/lib/gcc/arm-linux-gnueabihf/11/lto-wrapper -plugin-opt=-fresolution=/tmp/ccIayuym.res -plugin-opt=-pass-through=-lgcc -plugin-opt=-pass-through=-lgcc_s -plugin-opt=-pass-through=-lc -plugin-opt=-pass-through=-lgcc -plugin-opt=-pass-through=-lgcc_s --build-id --eh-frame-hdr -dynamic-linker /lib/ld-linux-armhf.so.3 -X --hash-style=gnu --as-needed -m armelf_linux_eabi -pie -z now -z relro -o cmTC_0b694 /usr/lib/gcc/arm-linux-gnueabihf/11/../../../arm-linux-gnueabihf/Scrt1.o /usr/lib/gcc/arm-linux-gnueabihf/11/../../../arm-linux-gnueabihf/crti.o /usr/lib/gcc/arm-linux-gnueabihf/11/crtbeginS.o -L/usr/lib/gcc/arm-linux-gnueabihf/11 -L/usr/lib/gcc/arm-linux-gnueabihf/11/../../../arm-linux-gnueabihf -L/usr/lib/gcc/arm-linux-gnueabihf/11/../../.. -L/lib/arm-linux-gnueabihf -L/usr/lib/arm-linux-gnueabihf CMakeFiles/cmTC_0b694.dir/CMakeCCompilerABI.c.o -lgcc --push-state --as-needed -lgcc_s --pop-state -lc -lgcc --push-state --as-needed -lgcc_s --pop-state /usr/lib/gcc/arm-linux-gnueabihf/11/crtendS.o /usr/lib/gcc/arm-linux-gnueabihf/11/../../../arm-linux-gnueabihf/crtn.o]
    arg [/usr/lib/gcc/arm-linux-gnueabihf/11/collect2] ==> ignore
    arg [-plugin] ==> ignore
    arg [/usr/lib/gcc/arm-linux-gnueabihf/11/liblto_plugin.so] ==> ignore
    arg [-plugin-opt=/usr/lib/gcc/arm-linux-gnueabihf/11/lto-wrapper] ==> ignore
    arg [-plugin-opt=-fresolution=/tmp/ccIayuym.res] ==> ignore
    arg [-plugin-opt=-pass-through=-lgcc] ==> ignore
    arg [-plugin-opt=-pass-through=-lgcc_s] ==> ignore
    arg [-plugin-opt=-pass-through=-lc] ==> ignore
    arg [-plugin-opt=-pass-through=-lgcc] ==> ignore
    arg [-plugin-opt=-pass-through=-lgcc_s] ==> ignore
    arg [--build-id] ==> ignore
    arg [--eh-frame-hdr] ==> ignore
    arg [-dynamic-linker] ==> ignore
    arg [/lib/ld-linux-armhf.so.3] ==> ignore
    arg [-X] ==> ignore
    arg [--hash-style=gnu] ==> ignore
    arg [--as-needed] ==> ignore
    arg [-m] ==> ignore
    arg [armelf_linux_eabi] ==> ignore
    arg [-pie] ==> ignore
    arg [-znow] ==> ignore
    arg [-zrelro] ==> ignore
    arg [-o] ==> ignore
    arg [cmTC_0b694] ==> ignore
    arg [/usr/lib/gcc/arm-linux-gnueabihf/11/../../../arm-linux-gnueabihf/Scrt1.o] ==> obj [/usr/lib/gcc/arm-linux-gnueabihf/11/../../../arm-linux-gnueabihf/Scrt1.o]
    arg [/usr/lib/gcc/arm-linux-gnueabihf/11/../../../arm-linux-gnueabihf/crti.o] ==> obj [/usr/lib/gcc/arm-linux-gnueabihf/11/../../../arm-linux-gnueabihf/crti.o]
    arg [/usr/lib/gcc/arm-linux-gnueabihf/11/crtbeginS.o] ==> obj [/usr/lib/gcc/arm-linux-gnueabihf/11/crtbeginS.o]
    arg [-L/usr/lib/gcc/arm-linux-gnueabihf/11] ==> dir [/usr/lib/gcc/arm-linux-gnueabihf/11]
    arg [-L/usr/lib/gcc/arm-linux-gnueabihf/11/../../../arm-linux-gnueabihf] ==> dir [/usr/lib/gcc/arm-linux-gnueabihf/11/../../../arm-linux-gnueabihf]
    arg [-L/usr/lib/gcc/arm-linux-gnueabihf/11/../../..] ==> dir [/usr/lib/gcc/arm-linux-gnueabihf/11/../../..]
    arg [-L/lib/arm-linux-gnueabihf] ==> dir [/lib/arm-linux-gnueabihf]
    arg [-L/usr/lib/arm-linux-gnueabihf] ==> dir [/usr/lib/arm-linux-gnueabihf]
    arg [CMakeFiles/cmTC_0b694.dir/CMakeCCompilerABI.c.o] ==> ignore
    arg [-lgcc] ==> lib [gcc]
    arg [--push-state] ==> ignore
    arg [--as-needed] ==> ignore
    arg [-lgcc_s] ==> lib [gcc_s]
    arg [--pop-state] ==> ignore
    arg [-lc] ==> lib [c]
    arg [-lgcc] ==> lib [gcc]
    arg [--push-state] ==> ignore
    arg [--as-needed] ==> ignore
    arg [-lgcc_s] ==> lib [gcc_s]
    arg [--pop-state] ==> ignore
    arg [/usr/lib/gcc/arm-linux-gnueabihf/11/crtendS.o] ==> obj [/usr/lib/gcc/arm-linux-gnueabihf/11/crtendS.o]
    arg [/usr/lib/gcc/arm-linux-gnueabihf/11/../../../arm-linux-gnueabihf/crtn.o] ==> obj [/usr/lib/gcc/arm-linux-gnueabihf/11/../../../arm-linux-gnueabihf/crtn.o]
  collapse obj [/usr/lib/gcc/arm-linux-gnueabihf/11/../../../arm-linux-gnueabihf/Scrt1.o] ==> [/usr/lib/arm-linux-gnueabihf/Scrt1.o]
  collapse obj [/usr/lib/gcc/arm-linux-gnueabihf/11/../../../arm-linux-gnueabihf/crti.o] ==> [/usr/lib/arm-linux-gnueabihf/crti.o]
  collapse obj [/usr/lib/gcc/arm-linux-gnueabihf/11/../../../arm-linux-gnueabihf/crtn.o] ==> [/usr/lib/arm-linux-gnueabihf/crtn.o]
  collapse library dir [/usr/lib/gcc/arm-linux-gnueabihf/11] ==> [/usr/lib/gcc/arm-linux-gnueabihf/11]
  collapse library dir [/usr/lib/gcc/arm-linux-gnueabihf/11/../../../arm-linux-gnueabihf] ==> [/usr/lib/arm-linux-gnueabihf]
  collapse library dir [/usr/lib/gcc/arm-linux-gnueabihf/11/../../..] ==> [/usr/lib]
  collapse library dir [/lib/arm-linux-gnueabihf] ==> [/lib/arm-linux-gnueabihf]
  collapse library dir [/usr/lib/arm-linux-gnueabihf] ==> [/usr/lib/arm-linux-gnueabihf]
  implicit libs: [gcc;gcc_s;c;gcc;gcc_s]
  implicit objs: [/usr/lib/arm-linux-gnueabihf/Scrt1.o;/usr/lib/arm-linux-gnueabihf/crti.o;/usr/lib/gcc/arm-linux-gnueabihf/11/crtbeginS.o;/usr/lib/gcc/arm-linux-gnueabihf/11/crtendS.o;/usr/lib/arm-linux-gnueabihf/crtn.o]
  implicit dirs: [/usr/lib/gcc/arm-linux-gnueabihf/11;/usr/lib/arm-linux-gnueabihf;/usr/lib;/lib/arm-linux-gnueabihf]
  implicit fwks: []


